
ec: system execution failed.
Following is the set of recorded exceptions:

******************************** Thread exception *****************************
In thread           Root thread            0x0 (thread id)
*******************************************************************************
-------------------------------------------------------------------------------
Class / Object      Routine                Nature of exception           Effect
-------------------------------------------------------------------------------
ISE_EXCEPTION_MANAGER
                    raise @9               Compiler error:
<000002521B228EC8>                         Developer exception.          Fail
-------------------------------------------------------------------------------
ISE_EXCEPTION_MANAGER
                    raise @9               
<000002521B228EC8>                         Routine failure.              Fail
-------------------------------------------------------------------------------
DEVELOPER_EXCEPTION raise @1                                            
<000002521B228E18>  (From EXCEPTION)       Routine failure.              Fail
-------------------------------------------------------------------------------
ERROR_HANDLER       raise @3                                            
<000002521C787D68>  (From EXCEPTIONS)      Routine failure.              Fail
-------------------------------------------------------------------------------
ERROR_HANDLER       raise_error @2                                      
<000002521C787D68>                         Routine failure.              Fail
-------------------------------------------------------------------------------
ERROR_HANDLER       checksum @2                                         
<000002521C787D68>                         Routine failure.              Fail
-------------------------------------------------------------------------------
DEGREE_3            execute @40                                         
<000002521D1E1328>                         Routine failure.              Fail
-------------------------------------------------------------------------------
SYSTEM_I            process_degree_3 @2                                 
<000002521C665728>                         Routine failure.              Rescue
-------------------------------------------------------------------------------
SYSTEM_I            do_recompilation @64                                
<000002521C665728>                         Routine failure.              Fail
-------------------------------------------------------------------------------
SYSTEM_I            recompile @6                                        
<000002521C665728>                         Routine failure.              Rescue
-------------------------------------------------------------------------------
WORKBENCH_I         recompile @23                                       
<000002521C454178>                         Routine failure.              Rescue
-------------------------------------------------------------------------------
~~~~~~~~~~~~~~~~~~~~~~~~~~~~~~~ entering level 1 ~~~~~~~~~~~~~~~~~~~~~~~~~~~~~~
-------------------------------------------------------------------------------
CONSOLE             put_new_line @1        FILE: unable to write CHARACTER value.:
<000002521C798028>                         Runtime I/O error.            Fail
-------------------------------------------------------------------------------
CONSOLE             put_new_line @1                                     
<000002521C798028>                         Routine failure.              Fail
-------------------------------------------------------------------------------
TERM_WINDOW         put_new_line @1                                     
<000002521C787D38>                         Routine failure.              Fail
-------------------------------------------------------------------------------
TERM_WINDOW         process_new_line @1                                 
<000002521C787D38>  (From OUTPUT_WINDOW)   Routine failure.              Fail
-------------------------------------------------------------------------------
TERM_WINDOW         add_new_line @1                                     
<000002521C787D38>  (From TEXT_FORMATTER)  Routine failure.              Fail
-------------------------------------------------------------------------------
DEFAULT_ERROR_DISPLAYER
                    trace_errors @10       
<000002521C787DA8>                         Routine failure.              Rescue
-------------------------------------------------------------------------------
DEFAULT_ERROR_DISPLAYER
                    trace @4               
<000002521C787DA8>                         Routine failure.              Fail
-------------------------------------------------------------------------------
ERROR_HANDLER       trace @2                                            
<000002521C787D68>                         Routine failure.              Fail
-------------------------------------------------------------------------------
~~~~~~~~~~~~~~~~~~~~~~~~~~~~~~~ back to level 0 ~~~~~~~~~~~~~~~~~~~~~~~~~~~~~~~
-------------------------------------------------------------------------------
WORKBENCH_I         recompile @55                                       
<000002521C454178>                         Exception in rescue clause.   Fail
-------------------------------------------------------------------------------
E_PROJECT           melt @7                                             
<000002521C454E58>                         Routine failure.              Rescue
-------------------------------------------------------------------------------
E_PROJECT           quick_melt @3                                       
<000002521C454E58>                         Routine failure.              Fail
-------------------------------------------------------------------------------
EWB_QUICK_MELT      perform_compilation @1                              
<000002521C4D8FC8>                         Routine failure.              Fail
-------------------------------------------------------------------------------
EWB_QUICK_MELT      compile @3                                          
<000002521C4D8FC8>  (From EWB_COMP)        Routine failure.              Fail
-------------------------------------------------------------------------------
EWB_QUICK_MELT      execute @6                                          
<000002521C4D8FC8>  (From EWB_COMP)        Routine failure.              Fail
-------------------------------------------------------------------------------
ES_BATCH            execute @45                                         
<000002521C5A59B8>  (From ES)              Routine failure.              Rescue
-------------------------------------------------------------------------------
~~~~~~~~~~~~~~~~~~~~~~~~~~~~~~~ entering level 1 ~~~~~~~~~~~~~~~~~~~~~~~~~~~~~~
-------------------------------------------------------------------------------
CONSOLE             put_string @4          FILE: unable to write STRING object.:
<000002521C798028>                         Runtime I/O error.            Fail
-------------------------------------------------------------------------------
CONSOLE             put_string @4                                       
<000002521C798028>                         Routine failure.              Fail
-------------------------------------------------------------------------------
CONSOLE             put_string_general @17                              
<000002521C798028>  (From PLAIN_TEXT_FILE) Routine failure.              Fail
-------------------------------------------------------------------------------
CONSOLE             put_string_32 @1                                    
<000002521C798028>  (From PLAIN_TEXT_FILE) Routine failure.              Fail
-------------------------------------------------------------------------------
ES_BATCH            localized_print_error @4
<000002521C5A59B8>  (From LOCALIZED_PRINTER)
                                           Routine failure.              Fail
-------------------------------------------------------------------------------
~~~~~~~~~~~~~~~~~~~~~~~~~~~~~~~ back to level 0 ~~~~~~~~~~~~~~~~~~~~~~~~~~~~~~~
-------------------------------------------------------------------------------
ES_BATCH            execute @69                                         
<000002521C5A59B8>  (From ES)              Exception in rescue clause.   Fail
-------------------------------------------------------------------------------
ES_BATCH            make @13                                            
<000002521C5A59B8>  (From ES)              Routine failure.              Fail
-------------------------------------------------------------------------------
EB_KERNEL           make @5                                             
<000002521C44B9D8>                         Routine failure.              Fail
-------------------------------------------------------------------------------
EB_KERNEL           root's creation                                     
<000002521C44B9D8>                         Routine failure.              Exit
-------------------------------------------------------------------------------

ec: system execution failed.
Following is the set of recorded exceptions:

******************************** Thread exception *****************************
In thread           Root thread            0x0 (thread id)
*******************************************************************************
-------------------------------------------------------------------------------
Class / Object      Routine                Nature of exception           Effect
-------------------------------------------------------------------------------
ISE_EXCEPTION_MANAGER
                    raise @9               Compiler error:
<000002497FE8E1C8>                         Developer exception.          Fail
-------------------------------------------------------------------------------
ISE_EXCEPTION_MANAGER
                    raise @9               
<000002497FE8E1C8>                         Routine failure.              Fail
-------------------------------------------------------------------------------
DEVELOPER_EXCEPTION raise @1                                            
<000002497FE8E118>  (From EXCEPTION)       Routine failure.              Fail
-------------------------------------------------------------------------------
ERROR_HANDLER       raise @3                                            
<0000024900F7CD08>  (From EXCEPTIONS)      Routine failure.              Fail
-------------------------------------------------------------------------------
ERROR_HANDLER       raise_error @2                                      
<0000024900F7CD08>                         Routine failure.              Fail
-------------------------------------------------------------------------------
ERROR_HANDLER       checksum @2                                         
<0000024900F7CD08>                         Routine failure.              Fail
-------------------------------------------------------------------------------
DEGREE_3            execute @40                                         
<00000249018BD128>                         Routine failure.              Fail
-------------------------------------------------------------------------------
SYSTEM_I            process_degree_3 @2                                 
<0000024900E5C718>                         Routine failure.              Rescue
-------------------------------------------------------------------------------
SYSTEM_I            do_recompilation @64                                
<0000024900E5C718>                         Routine failure.              Fail
-------------------------------------------------------------------------------
SYSTEM_I            recompile @6                                        
<0000024900E5C718>                         Routine failure.              Rescue
-------------------------------------------------------------------------------
WORKBENCH_I         recompile @23                                       
<0000024900D58098>                         Routine failure.              Rescue
-------------------------------------------------------------------------------
~~~~~~~~~~~~~~~~~~~~~~~~~~~~~~~ entering level 1 ~~~~~~~~~~~~~~~~~~~~~~~~~~~~~~
-------------------------------------------------------------------------------
CONSOLE             put_new_line @1        FILE: unable to write CHARACTER value.:
<0000024900F8CCD8>                         Runtime I/O error.            Fail
-------------------------------------------------------------------------------
CONSOLE             put_new_line @1                                     
<0000024900F8CCD8>                         Routine failure.              Fail
-------------------------------------------------------------------------------
TERM_WINDOW         put_new_line @1                                     
<0000024900F7CCD8>                         Routine failure.              Fail
-------------------------------------------------------------------------------
TERM_WINDOW         process_new_line @1                                 
<0000024900F7CCD8>  (From OUTPUT_WINDOW)   Routine failure.              Fail
-------------------------------------------------------------------------------
TERM_WINDOW         add_new_line @1                                     
<0000024900F7CCD8>  (From TEXT_FORMATTER)  Routine failure.              Fail
-------------------------------------------------------------------------------
DEFAULT_ERROR_DISPLAYER
                    trace_errors @10       
<0000024900F7CD48>                         Routine failure.              Rescue
-------------------------------------------------------------------------------
DEFAULT_ERROR_DISPLAYER
                    trace @4               
<0000024900F7CD48>                         Routine failure.              Fail
-------------------------------------------------------------------------------
ERROR_HANDLER       trace @2                                            
<0000024900F7CD08>                         Routine failure.              Fail
-------------------------------------------------------------------------------
~~~~~~~~~~~~~~~~~~~~~~~~~~~~~~~ back to level 0 ~~~~~~~~~~~~~~~~~~~~~~~~~~~~~~~
-------------------------------------------------------------------------------
WORKBENCH_I         recompile @55                                       
<0000024900D58098>                         Exception in rescue clause.   Fail
-------------------------------------------------------------------------------
E_PROJECT           melt @7                                             
<0000024900D55FE8>                         Routine failure.              Rescue
-------------------------------------------------------------------------------
E_PROJECT           quick_melt @3                                       
<0000024900D55FE8>                         Routine failure.              Fail
-------------------------------------------------------------------------------
EWB_QUICK_MELT      perform_compilation @1                              
<0000024900C50178>                         Routine failure.              Fail
-------------------------------------------------------------------------------
EWB_QUICK_MELT      compile @3                                          
<0000024900C50178>  (From EWB_COMP)        Routine failure.              Fail
-------------------------------------------------------------------------------
EWB_QUICK_MELT      execute @6                                          
<0000024900C50178>  (From EWB_COMP)        Routine failure.              Fail
-------------------------------------------------------------------------------
ES_BATCH            execute @45                                         
<0000024900D9CDE8>  (From ES)              Routine failure.              Rescue
-------------------------------------------------------------------------------
~~~~~~~~~~~~~~~~~~~~~~~~~~~~~~~ entering level 1 ~~~~~~~~~~~~~~~~~~~~~~~~~~~~~~
-------------------------------------------------------------------------------
CONSOLE             put_string @4          FILE: unable to write STRING object.:
<0000024900F8CCD8>                         Runtime I/O error.            Fail
-------------------------------------------------------------------------------
CONSOLE             put_string @4                                       
<0000024900F8CCD8>                         Routine failure.              Fail
-------------------------------------------------------------------------------
CONSOLE             put_string_general @17                              
<0000024900F8CCD8>  (From PLAIN_TEXT_FILE) Routine failure.              Fail
-------------------------------------------------------------------------------
CONSOLE             put_string_32 @1                                    
<0000024900F8CCD8>  (From PLAIN_TEXT_FILE) Routine failure.              Fail
-------------------------------------------------------------------------------
ES_BATCH            localized_print_error @4
<0000024900D9CDE8>  (From LOCALIZED_PRINTER)
                                           Routine failure.              Fail
-------------------------------------------------------------------------------
~~~~~~~~~~~~~~~~~~~~~~~~~~~~~~~ back to level 0 ~~~~~~~~~~~~~~~~~~~~~~~~~~~~~~~
-------------------------------------------------------------------------------
ES_BATCH            execute @69                                         
<0000024900D9CDE8>  (From ES)              Exception in rescue clause.   Fail
-------------------------------------------------------------------------------
ES_BATCH            make @13                                            
<0000024900D9CDE8>  (From ES)              Routine failure.              Fail
-------------------------------------------------------------------------------
EB_KERNEL           make @5                                             
<0000024900C429D8>                         Routine failure.              Fail
-------------------------------------------------------------------------------
EB_KERNEL           root's creation                                     
<0000024900C429D8>                         Routine failure.              Exit
-------------------------------------------------------------------------------
